Рассчитываемая функция: 1,1*2^ln(1,1)
Файл, содержащий расчёт: G00
Аргумент х: 1,1
Аргумент y: 1,1
Тип ошибки: ошибок не обнаружено


Рассчитываемая функция: 2,1*2^ln(1,1)
Файл, содержащий расчёт: G01
Аргумент х: 1,1
Аргумент y: 2,1
Тип ошибки: ошибок не обнаружено


Рассчитываемая функция: 3,1*2^ln(1,1)
Файл, содержащий расчёт: G02
Аргумент х: 1,1
Аргумент y: 3,1
Тип ошибки: ошибок не обнаружено


Рассчитываемая функция: 4,1*2^ln(1,1)
Файл, содержащий расчёт: G03
Аргумент х: 1,1
Аргумент y: 4,1
Тип ошибки: ошибок не обнаружено


Рассчитываемая функция: 5,1*2^ln(2,1)
Файл, содержащий расчёт: G10
Аргумент х: 2,1
Аргумент y: 5,1
Тип ошибки: ошибок не обнаружено


Рассчитываемая функция: 6,1*2^ln(2,1)
Файл, содержащий расчёт: G11
Аргумент х: 2,1
Аргумент y: 6,1
Тип ошибки: ошибок не обнаружено


Рассчитываемая функция: 7,1*2^ln(2,1)
Файл, содержащий расчёт: G12
Аргумент х: 2,1
Аргумент y: 7,1
Тип ошибки: ошибок не обнаружено


Рассчитываемая функция: 8,1*2^ln(2,1)
Файл, содержащий расчёт: G13
Аргумент х: 2,1
Аргумент y: 8,1
Тип ошибки: ошибок не обнаружено


Рассчитываемая функция: 9,1*2^ln(3,1)
Файл, содержащий расчёт: G20
Аргумент х: 3,1
Аргумент y: 9,1
Тип ошибки: ошибок не обнаружено


Рассчитываемая функция: 10,1*2^ln(3,1)
Файл, содержащий расчёт: G21
Аргумент х: 3,1
Аргумент y: 10,1
Тип ошибки: ошибок не обнаружено


Рассчитываемая функция: 11,1*2^ln(3,1)
Файл, содержащий расчёт: G22
Аргумент х: 3,1
Аргумент y: 11,1
Тип ошибки: ошибок не обнаружено


Рассчитываемая функция: 12,1*2^ln(3,1)
Файл, содержащий расчёт: G23
Аргумент х: 3,1
Аргумент y: 12,1
Тип ошибки: ошибок не обнаружено


Рассчитываемая функция: 13,1*2^ln(4,1)
Файл, содержащий расчёт: G30
Аргумент х: 4,1
Аргумент y: 13,1
Тип ошибки: ошибок не обнаружено


Рассчитываемая функция: 14,1*2^ln(4,1)
Файл, содержащий расчёт: G31
Аргумент х: 4,1
Аргумент y: 14,1
Тип ошибки: ошибок не обнаружено


Рассчитываемая функция: 15,1*2^ln(4,1)
Файл, содержащий расчёт: G32
Аргумент х: 4,1
Аргумент y: 15,1
Тип ошибки: ошибок не обнаружено


Рассчитываемая функция: 16,1*2^ln(4,1)
Файл, содержащий расчёт: G33
Аргумент х: 4,1
Аргумент y: 16,1
Тип ошибки: ошибок не обнаружено


Рассчитываемая функция: 1,1*2^ln(1,1)
Файл, содержащий расчёт: G00
Аргумент х: 1,1
Аргумент y: 1,1
Тип ошибки: ошибок не обнаружено


Рассчитываемая функция: 2,1*2^ln(1,1)
Файл, содержащий расчёт: G01
Аргумент х: 1,1
Аргумент y: 2,1
Тип ошибки: ошибок не обнаружено


Рассчитываемая функция: 3,1*2^ln(1,1)
Файл, содержащий расчёт: G02
Аргумент х: 1,1
Аргумент y: 3,1
Тип ошибки: ошибок не обнаружено


Рассчитываемая функция: 4,1*2^ln(1,1)
Файл, содержащий расчёт: G03
Аргумент х: 1,1
Аргумент y: 4,1
Тип ошибки: ошибок не обнаружено


Рассчитываемая функция: 5,1*2^ln(2,1)
Файл, содержащий расчёт: G10
Аргумент х: 2,1
Аргумент y: 5,1
Тип ошибки: ошибок не обнаружено


Рассчитываемая функция: 6,1*2^ln(2,1)
Файл, содержащий расчёт: G11
Аргумент х: 2,1
Аргумент y: 6,1
Тип ошибки: ошибок не обнаружено


Рассчитываемая функция: 7,1*2^ln(2,1)
Файл, содержащий расчёт: G12
Аргумент х: 2,1
Аргумент y: 7,1
Тип ошибки: ошибок не обнаружено


Рассчитываемая функция: 8,1*2^ln(2,1)
Файл, содержащий расчёт: G13
Аргумент х: 2,1
Аргумент y: 8,1
Тип ошибки: ошибок не обнаружено


Рассчитываемая функция: 9,1*2^ln(3,1)
Файл, содержащий расчёт: G20
Аргумент х: 3,1
Аргумент y: 9,1
Тип ошибки: ошибок не обнаружено


Рассчитываемая функция: 10,1*2^ln(3,1)
Файл, содержащий расчёт: G21
Аргумент х: 3,1
Аргумент y: 10,1
Тип ошибки: ошибок не обнаружено


Рассчитываемая функция: 11,1*2^ln(3,1)
Файл, содержащий расчёт: G22
Аргумент х: 3,1
Аргумент y: 11,1
Тип ошибки: ошибок не обнаружено


Рассчитываемая функция: 12,1*2^ln(3,1)
Файл, содержащий расчёт: G23
Аргумент х: 3,1
Аргумент y: 12,1
Тип ошибки: ошибок не обнаружено


Рассчитываемая функция: 13,1*2^ln(4,1)
Файл, содержащий расчёт: G30
Аргумент х: 4,1
Аргумент y: 13,1
Тип ошибки: ошибок не обнаружено


Рассчитываемая функция: 14,1*2^ln(4,1)
Файл, содержащий расчёт: G31
Аргумент х: 4,1
Аргумент y: 14,1
Тип ошибки: ошибок не обнаружено


Рассчитываемая функция: 15,1*2^ln(4,1)
Файл, содержащий расчёт: G32
Аргумент х: 4,1
Аргумент y: 15,1
Тип ошибки: ошибок не обнаружено


Рассчитываемая функция: 16,1*2^ln(4,1)
Файл, содержащий расчёт: G33
Аргумент х: 4,1
Аргумент y: 16,1
Тип ошибки: ошибок не обнаружено


Рассчитываемая функция: 1,1*2^ln(1,1)
Файл, содержащий расчёт: G00
Аргумент х: 1,1
Аргумент y: 1,1
Тип ошибки: ошибок не обнаружено


Рассчитываемая функция: 2,1*2^ln(1,1)
Файл, содержащий расчёт: G01
Аргумент х: 1,1
Аргумент y: 2,1
Тип ошибки: ошибок не обнаружено


Рассчитываемая функция: 3,1*2^ln(1,1)
Файл, содержащий расчёт: G02
Аргумент х: 1,1
Аргумент y: 3,1
Тип ошибки: ошибок не обнаружено


Рассчитываемая функция: 4,1*2^ln(1,1)
Файл, содержащий расчёт: G03
Аргумент х: 1,1
Аргумент y: 4,1
Тип ошибки: ошибок не обнаружено


Рассчитываемая функция: 5,1*2^ln(2,1)
Файл, содержащий расчёт: G10
Аргумент х: 2,1
Аргумент y: 5,1
Тип ошибки: ошибок не обнаружено


Рассчитываемая функция: 6,1*2^ln(2,1)
Файл, содержащий расчёт: G11
Аргумент х: 2,1
Аргумент y: 6,1
Тип ошибки: ошибок не обнаружено


Рассчитываемая функция: 7,1*2^ln(2,1)
Файл, содержащий расчёт: G12
Аргумент х: 2,1
Аргумент y: 7,1
Тип ошибки: ошибок не обнаружено


Рассчитываемая функция: 8,1*2^ln(2,1)
Файл, содержащий расчёт: G13
Аргумент х: 2,1
Аргумент y: 8,1
Тип ошибки: ошибок не обнаружено


Рассчитываемая функция: 9,1*2^ln(3,1)
Файл, содержащий расчёт: G20
Аргумент х: 3,1
Аргумент y: 9,1
Тип ошибки: ошибок не обнаружено


Рассчитываемая функция: 10,1*2^ln(3,1)
Файл, содержащий расчёт: G21
Аргумент х: 3,1
Аргумент y: 10,1
Тип ошибки: ошибок не обнаружено


Рассчитываемая функция: 11,1*2^ln(3,1)
Файл, содержащий расчёт: G22
Аргумент х: 3,1
Аргумент y: 11,1
Тип ошибки: ошибок не обнаружено


Рассчитываемая функция: 12,1*2^ln(3,1)
Файл, содержащий расчёт: G23
Аргумент х: 3,1
Аргумент y: 12,1
Тип ошибки: ошибок не обнаружено


Рассчитываемая функция: 13,1*2^ln(4,1)
Файл, содержащий расчёт: G30
Аргумент х: 4,1
Аргумент y: 13,1
Тип ошибки: ошибок не обнаружено


Рассчитываемая функция: 14,1*2^ln(4,1)
Файл, содержащий расчёт: G31
Аргумент х: 4,1
Аргумент y: 14,1
Тип ошибки: ошибок не обнаружено


Рассчитываемая функция: 15,1*2^ln(4,1)
Файл, содержащий расчёт: G32
Аргумент х: 4,1
Аргумент y: 15,1
Тип ошибки: ошибок не обнаружено


Рассчитываемая функция: 16,1*2^ln(4,1)
Файл, содержащий расчёт: G33
Аргумент х: 4,1
Аргумент y: 16,1
Тип ошибки: ошибок не обнаружено


Рассчитываемая функция: 1,1*2^ln(1,1)
Файл, содержащий расчёт: G00
Аргумент х: 1,1
Аргумент y: 1,1
Тип ошибки: ошибок не обнаружено


Рассчитываемая функция: 2,1*2^ln(1,1)
Файл, содержащий расчёт: G01
Аргумент х: 1,1
Аргумент y: 2,1
Тип ошибки: ошибок не обнаружено


Рассчитываемая функция: 3,1*2^ln(1,1)
Файл, содержащий расчёт: G02
Аргумент х: 1,1
Аргумент y: 3,1
Тип ошибки: ошибок не обнаружено


Рассчитываемая функция: 4,1*2^ln(1,1)
Файл, содержащий расчёт: G03
Аргумент х: 1,1
Аргумент y: 4,1
Тип ошибки: ошибок не обнаружено


Рассчитываемая функция: 5,1*2^ln(2,1)
Файл, содержащий расчёт: G10
Аргумент х: 2,1
Аргумент y: 5,1
Тип ошибки: ошибок не обнаружено


Рассчитываемая функция: 6,1*2^ln(2,1)
Файл, содержащий расчёт: G11
Аргумент х: 2,1
Аргумент y: 6,1
Тип ошибки: ошибок не обнаружено


Рассчитываемая функция: 7,1*2^ln(2,1)
Файл, содержащий расчёт: G12
Аргумент х: 2,1
Аргумент y: 7,1
Тип ошибки: ошибок не обнаружено


Рассчитываемая функция: 8,1*2^ln(2,1)
Файл, содержащий расчёт: G13
Аргумент х: 2,1
Аргумент y: 8,1
Тип ошибки: ошибок не обнаружено


Рассчитываемая функция: 9,1*2^ln(3,1)
Файл, содержащий расчёт: G20
Аргумент х: 3,1
Аргумент y: 9,1
Тип ошибки: ошибок не обнаружено


Рассчитываемая функция: 10,1*2^ln(3,1)
Файл, содержащий расчёт: G21
Аргумент х: 3,1
Аргумент y: 10,1
Тип ошибки: ошибок не обнаружено


Рассчитываемая функция: 11,1*2^ln(3,1)
Файл, содержащий расчёт: G22
Аргумент х: 3,1
Аргумент y: 11,1
Тип ошибки: ошибок не обнаружено


Рассчитываемая функция: 12,1*2^ln(3,1)
Файл, содержащий расчёт: G23
Аргумент х: 3,1
Аргумент y: 12,1
Тип ошибки: ошибок не обнаружено


Рассчитываемая функция: 13,1*2^ln(4,1)
Файл, содержащий расчёт: G30
Аргумент х: 4,1
Аргумент y: 13,1
Тип ошибки: ошибок не обнаружено


Рассчитываемая функция: 14,1*2^ln(4,1)
Файл, содержащий расчёт: G31
Аргумент х: 4,1
Аргумент y: 14,1
Тип ошибки: ошибок не обнаружено


Рассчитываемая функция: 15,1*2^ln(4,1)
Файл, содержащий расчёт: G32
Аргумент х: 4,1
Аргумент y: 15,1
Тип ошибки: ошибок не обнаружено


Рассчитываемая функция: 16,1*2^ln(4,1)
Файл, содержащий расчёт: G33
Аргумент х: 4,1
Аргумент y: 16,1
Тип ошибки: ошибок не обнаружено


