Название программы: task1
Дата и время начала выполнения расчёта: 11.04.2023 11:06:50
Рассчитываемая функция: 1,1*2^ln(1,1)
Файл, содержащий расчёт: G00
Результат: 0,222969522915169


Рассчитываемая функция: 2,1*2^ln(1,1)
Файл, содержащий расчёт: G01
Результат: 0,425669089201687


Рассчитываемая функция: 3,1*2^ln(1,1)
Файл, содержащий расчёт: G02
Результат: 0,628368655488204


Рассчитываемая функция: 4,1*2^ln(1,1)
Файл, содержащий расчёт: G03
Результат: 0,831068221774721


Рассчитываемая функция: 5,1*2^ln(2,1)
Файл, содержащий расчёт: G10
Результат: 5,44830484206918


Рассчитываемая функция: 6,1*2^ln(2,1)
Файл, содержащий расчёт: G11
Результат: 6,51659990914157


Рассчитываемая функция: 7,1*2^ln(2,1)
Файл, содержащий расчёт: G12
Результат: 7,58489497621395


Рассчитываемая функция: 8,1*2^ln(2,1)
Файл, содержащий расчёт: G13
Результат: 8,65319004328634


Рассчитываемая функция: 9,1*2^ln(3,1)
Файл, содержащий расчёт: G20
Результат: 15,2190235121776


Рассчитываемая функция: 10,1*2^ln(3,1)
Файл, содержащий расчёт: G21
Результат: 16,8914436783509


Рассчитываемая функция: 11,1*2^ln(3,1)
Файл, содержащий расчёт: G22
Результат: 18,5638638445243


Рассчитываемая функция: 12,1*2^ln(3,1)
Файл, содержащий расчёт: G23
Результат: 20,2362840106977


Рассчитываемая функция: 13,1*2^ln(4,1)
Файл, содержащий расчёт: G30
Результат: 28,6983725007504


Рассчитываемая функция: 14,1*2^ln(4,1)
Файл, содержащий расчёт: G31
Результат: 30,889087958823


Рассчитываемая функция: 15,1*2^ln(4,1)
Файл, содержащий расчёт: G32
Результат: 33,0798034168956


Рассчитываемая функция: 16,1*2^ln(4,1)
Файл, содержащий расчёт: G33
Результат: 35,2705188749681


Название программы: task1
Дата и время начала выполнения расчёта: 11.04.2023 11:27:56
Рассчитываемая функция: 1,1*2^ln(1,1)
Файл, содержащий расчёт: G00
Результат: 0,22


Рассчитываемая функция: 2,1*2^ln(1,1)
Файл, содержащий расчёт: G01
Результат: 0,43


Рассчитываемая функция: 3,1*2^ln(1,1)
Файл, содержащий расчёт: G02
Результат: 0,63


Рассчитываемая функция: 4,1*2^ln(1,1)
Файл, содержащий расчёт: G03
Результат: 0,83


Рассчитываемая функция: 5,1*2^ln(2,1)
Файл, содержащий расчёт: G10
Результат: 5,45


Рассчитываемая функция: 6,1*2^ln(2,1)
Файл, содержащий расчёт: G11
Результат: 6,52


Рассчитываемая функция: 7,1*2^ln(2,1)
Файл, содержащий расчёт: G12
Результат: 7,58


Рассчитываемая функция: 8,1*2^ln(2,1)
Файл, содержащий расчёт: G13
Результат: 8,65


Рассчитываемая функция: 9,1*2^ln(3,1)
Файл, содержащий расчёт: G20
Результат: 15,22


Рассчитываемая функция: 10,1*2^ln(3,1)
Файл, содержащий расчёт: G21
Результат: 16,89


Рассчитываемая функция: 11,1*2^ln(3,1)
Файл, содержащий расчёт: G22
Результат: 18,56


Рассчитываемая функция: 12,1*2^ln(3,1)
Файл, содержащий расчёт: G23
Результат: 20,24


Рассчитываемая функция: 13,1*2^ln(4,1)
Файл, содержащий расчёт: G30
Результат: 28,7


Рассчитываемая функция: 14,1*2^ln(4,1)
Файл, содержащий расчёт: G31
Результат: 30,89


Рассчитываемая функция: 15,1*2^ln(4,1)
Файл, содержащий расчёт: G32
Результат: 33,08


Рассчитываемая функция: 16,1*2^ln(4,1)
Файл, содержащий расчёт: G33
Результат: 35,27


Название программы: task1
Дата и время начала выполнения расчёта: 11.04.2023 11:30:44
Рассчитываемая функция: 1,1*2^ln(1,1)
Файл, содержащий расчёт: G00
Результат: 0,22


Рассчитываемая функция: 2,1*2^ln(1,1)
Файл, содержащий расчёт: G01
Результат: 0,43


Рассчитываемая функция: 3,1*2^ln(1,1)
Файл, содержащий расчёт: G02
Результат: 0,63


Рассчитываемая функция: 4,1*2^ln(1,1)
Файл, содержащий расчёт: G03
Результат: 0,83


Рассчитываемая функция: 5,1*2^ln(2,1)
Файл, содержащий расчёт: G10
Результат: 5,45


Рассчитываемая функция: 6,1*2^ln(2,1)
Файл, содержащий расчёт: G11
Результат: 6,52


Рассчитываемая функция: 7,1*2^ln(2,1)
Файл, содержащий расчёт: G12
Результат: 7,58


Рассчитываемая функция: 8,1*2^ln(2,1)
Файл, содержащий расчёт: G13
Результат: 8,65


Рассчитываемая функция: 9,1*2^ln(3,1)
Файл, содержащий расчёт: G20
Результат: 15,22


Рассчитываемая функция: 10,1*2^ln(3,1)
Файл, содержащий расчёт: G21
Результат: 16,89


Рассчитываемая функция: 11,1*2^ln(3,1)
Файл, содержащий расчёт: G22
Результат: 18,56


Рассчитываемая функция: 12,1*2^ln(3,1)
Файл, содержащий расчёт: G23
Результат: 20,24


Рассчитываемая функция: 13,1*2^ln(4,1)
Файл, содержащий расчёт: G30
Результат: 28,7


Рассчитываемая функция: 14,1*2^ln(4,1)
Файл, содержащий расчёт: G31
Результат: 30,89


Рассчитываемая функция: 15,1*2^ln(4,1)
Файл, содержащий расчёт: G32
Результат: 33,08


Рассчитываемая функция: 16,1*2^ln(4,1)
Файл, содержащий расчёт: G33
Результат: 35,27


Название программы: task1
Дата и время начала выполнения расчёта: 11.04.2023 11:32:13
Рассчитываемая функция: 1,1*2^ln(1,1)
Файл, содержащий расчёт: G00
Результат: 0,22


Рассчитываемая функция: 2,1*2^ln(1,1)
Файл, содержащий расчёт: G01
Результат: 0,43


Рассчитываемая функция: 3,1*2^ln(1,1)
Файл, содержащий расчёт: G02
Результат: 0,63


Рассчитываемая функция: 4,1*2^ln(1,1)
Файл, содержащий расчёт: G03
Результат: 0,83


Рассчитываемая функция: 5,1*2^ln(2,1)
Файл, содержащий расчёт: G10
Результат: 5,45


Рассчитываемая функция: 6,1*2^ln(2,1)
Файл, содержащий расчёт: G11
Результат: 6,52


Рассчитываемая функция: 7,1*2^ln(2,1)
Файл, содержащий расчёт: G12
Результат: 7,58


Рассчитываемая функция: 8,1*2^ln(2,1)
Файл, содержащий расчёт: G13
Результат: 8,65


Рассчитываемая функция: 9,1*2^ln(3,1)
Файл, содержащий расчёт: G20
Результат: 15,22


Рассчитываемая функция: 10,1*2^ln(3,1)
Файл, содержащий расчёт: G21
Результат: 16,89


Рассчитываемая функция: 11,1*2^ln(3,1)
Файл, содержащий расчёт: G22
Результат: 18,56


Рассчитываемая функция: 12,1*2^ln(3,1)
Файл, содержащий расчёт: G23
Результат: 20,24


Рассчитываемая функция: 13,1*2^ln(4,1)
Файл, содержащий расчёт: G30
Результат: 28,7


Рассчитываемая функция: 14,1*2^ln(4,1)
Файл, содержащий расчёт: G31
Результат: 30,89


Рассчитываемая функция: 15,1*2^ln(4,1)
Файл, содержащий расчёт: G32
Результат: 33,08


Рассчитываемая функция: 16,1*2^ln(4,1)
Файл, содержащий расчёт: G33
Результат: 35,27


